Unity Editor version:    2020.3.26f1 (7298b473bc1a)
Branch:                  2020.3/staging
Build type:              Release
Batch mode:              YES
macOS version:           Version 12.3.1 (Build 21E258)
Darwin version:          21.4.0
Architecture:            x86_64
Running under Rosetta:   NO
Available memory:        16384 MB
Using pre-set license
Pro License: NO

COMMAND LINE ARGUMENTS:
/Applications/Unity/Hub/Editor/2020.3.26f1/Unity.app/Contents/MacOS/Unity
-adb2
-batchMode
-noUpm
-name
AssetImportWorker0
-projectPath
/Users/wzc/Documents/Seafile/私人资料库/School/My project
-logFile
Logs/AssetImportWorker0.log
-srvPort
53636
Successfully changed project path to: /Users/wzc/Documents/Seafile/私人资料库/School/My project
/Users/wzc/Documents/Seafile/私人资料库/School/My project
Using Asset Import Pipeline V2.
Refreshing native plugins compatible for Editor in 103.62 ms, found 3 plugins.
Preloading 1 native plugins for Editor in 7.01 ms.
Initialize engine version: 2020.3.26f1 (7298b473bc1a)
[Subsystems] Discovering subsystems at path /Applications/Unity/Hub/Editor/2020.3.26f1/Unity.app/Contents/Resources/UnitySubsystems
[Subsystems] Discovering subsystems at path /Users/wzc/Documents/Seafile/私人资料库/School/My project/Assets
GfxDevice: creating device client; threaded=0
2022-04-20 20:39:11.480 Unity[35914:2977892] Color LCD preferred device: AMD Radeon Pro 555 (high power)
2022-04-20 20:39:11.480 Unity[35914:2977892] Metal devices available: 2
2022-04-20 20:39:11.480 Unity[35914:2977892] 0: AMD Radeon Pro 555 (high power)
2022-04-20 20:39:11.480 Unity[35914:2977892] 1: Intel(R) HD Graphics 630 (low power)
2022-04-20 20:39:11.481 Unity[35914:2977892] Using device AMD Radeon Pro 555 (high power)
Initializing Metal device caps: AMD Radeon Pro 555
Initialize mono
Mono path[0] = '/Applications/Unity/Hub/Editor/2020.3.26f1/Unity.app/Contents/Managed'
Mono path[1] = '/Applications/Unity/Hub/Editor/2020.3.26f1/Unity.app/Contents/MonoBleedingEdge/lib/mono/unityjit'
Mono config path = '/Applications/Unity/Hub/Editor/2020.3.26f1/Unity.app/Contents/MonoBleedingEdge/etc'
Using monoOptions --debugger-agent=transport=dt_socket,embedding=1,server=y,suspend=n,address=127.0.0.1:56914
Begin MonoManager ReloadAssembly
Registering precompiled unity dll's ...
Register platform support module: /Applications/Unity/Hub/Editor/2020.3.26f1/Unity.app/Contents/PlaybackEngines/MacStandaloneSupport/UnityEditor.OSXStandalone.Extensions.dll
Registered in 0.007866 seconds.
Native extension for OSXStandalone target not found
Refreshing native plugins compatible for Editor in 76.25 ms, found 3 plugins.
Preloading 1 native plugins for Editor in 0.35 ms.
Mono: successfully reloaded assembly
- Completed reload, in  0.769 seconds
Domain Reload Profiling:
	ReloadAssembly (769ms)
		BeginReloadAssembly (53ms)
			ExecutionOrderSort (0ms)
			DisableScriptedObjects (0ms)
			BackupInstance (0ms)
			ReleaseScriptingObjects (0ms)
			CreateAndSetChildDomain (1ms)
		EndReloadAssembly (616ms)
			LoadAssemblies (55ms)
			RebuildTransferFunctionScriptingTraits (0ms)
			SetupTypeCache (210ms)
			ReleaseScriptCaches (0ms)
			RebuildScriptCaches (47ms)
			SetupLoadedEditorAssemblies (250ms)
				LogAssemblyErrors (0ms)
				InitializePlatformSupportModulesInManaged (5ms)
				SetLoadedEditorAssemblies (0ms)
				RefreshPlugins (77ms)
				BeforeProcessingInitializeOnLoad (11ms)
				ProcessInitializeOnLoadAttributes (115ms)
				ProcessInitializeOnLoadMethodAttributes (42ms)
				AfterProcessingInitializeOnLoad (0ms)
				EditorAssembliesLoaded (0ms)
			ExecutionOrderSort2 (0ms)
			AwakeInstancesAfterBackupRestoration (0ms)
Platform modules already initialized, skipping
Registering precompiled user dll's ...
Registered in 0.015922 seconds.
Begin MonoManager ReloadAssembly
Native extension for OSXStandalone target not found
Refreshing native plugins compatible for Editor in 73.16 ms, found 3 plugins.
Preloading 1 native plugins for Editor in 0.43 ms.
Mono: successfully reloaded assembly
- Completed reload, in  1.769 seconds
Domain Reload Profiling:
	ReloadAssembly (1770ms)
		BeginReloadAssembly (182ms)
			ExecutionOrderSort (0ms)
			DisableScriptedObjects (6ms)
			BackupInstance (0ms)
			ReleaseScriptingObjects (0ms)
			CreateAndSetChildDomain (29ms)
		EndReloadAssembly (1513ms)
			LoadAssemblies (159ms)
			RebuildTransferFunctionScriptingTraits (0ms)
			SetupTypeCache (514ms)
			ReleaseScriptCaches (1ms)
			RebuildScriptCaches (90ms)
			SetupLoadedEditorAssemblies (567ms)
				LogAssemblyErrors (0ms)
				InitializePlatformSupportModulesInManaged (4ms)
				SetLoadedEditorAssemblies (0ms)
				RefreshPlugins (74ms)
				BeforeProcessingInitializeOnLoad (102ms)
				ProcessInitializeOnLoadAttributes (361ms)
				ProcessInitializeOnLoadMethodAttributes (24ms)
				AfterProcessingInitializeOnLoad (2ms)
				EditorAssembliesLoaded (0ms)
			ExecutionOrderSort2 (0ms)
			AwakeInstancesAfterBackupRestoration (9ms)
Platform modules already initialized, skipping
Validating Project structure ... 0.001323 seconds.
Shader import version has changed; will reimport all shaders...
Upgrading shader files ...0.001441 seconds.
Application.AssetDatabase Initial Script Refresh Start
RefreshInfo: InitialScriptRefreshV2(NoUpdateAssetOptions) scanfilter:  ... 1 filters
RefreshProfiler: Total: 0.000ms
Application.AssetDatabase Initial Script Refresh End
Application.AssetDatabase.Refresh Start
Application.AssetDatabase.Refresh End
RefreshInfo: StopAssetImportingV2(ForceSynchronousImport) scanfilter: 
RefreshProfiler: Total: 0.000ms
Launching external process: /Applications/Unity/Hub/Editor/2020.3.26f1/Unity.app/Contents/Tools/UnityShaderCompiler
Launched and connected shader compiler UnityShaderCompiler after 0.02 seconds
Initializing Unity extensions:
2022-04-20 20:39:17.846 Unity[35914:2977892] NSEventModifierFlagFunction specified to -setKeyEquivalentModifierMask: for item <NSMenuItem: 0x600001b7cf50 Font Asset, ke='Command-F12'>, but is only supported for system-provided menu items; will not be used
2022-04-20 20:39:17.854 Unity[35914:2977892] NSEventModifierFlagFunction specified to -setKeyEquivalentModifierMask: for item <NSMenuItem: 0x600001b521b0 Font Asset, ke='Command-F12'>, but is only supported for system-provided menu items; will not be used
========================================================================
Worker process is ready to serve import requests
Refreshing native plugins compatible for Editor in 3.92 ms, found 3 plugins.
Preloading 1 native plugins for Editor in 3.33 ms.
Unloading 3654 Unused Serialized files (Serialized files now loaded: 0)
System memory in use before: 263.3 MB.
System memory in use after: 263.1 MB.

Unloading 188 unused Assets to reduce memory usage. Loaded Objects now: 4110.
Total: 11.141046 ms (FindLiveObjects: 0.947893 ms CreateObjectMapping: 0.495646 ms MarkObjects: 9.311885 ms  DeleteObjects: 0.382989 ms)

AssetImportParameters requested are different than current active one (requested -> active):
  custom:video-decoder-ogg-theora: a1e56fd34408186e4bbccfd4996cb3dc -> 
  custom:container-muxer-webm: aa71ff27fc2769a1b78a27578f13a17b -> 
  custom:container-demuxer-webm: 4f35f7cbe854078d1ac9338744f61a02 -> 
  custom:container-demuxer-ogg: 62fdf1f143b41e24485cea50d1cbac27 -> 
  custom:video-encoder-webm-vp8: eb34c28f22e8b96e1ab97ce403110664 -> 
  custom:framework-osx-AVFoundation: e770b220cccbd017edd2c1fefb359320 -> 
  custom:video-decoder-webm-vp8: 9c59270c3fd7afecdb556c50c9e8de78 -> 
  custom:audio-decoder-ogg-vorbis: bf7c407c2cedff20999df2af8eb42d56 -> 
  custom:audio-encoder-webm-vorbis: bf7c407c2cedff20999df2af8eb42d56 -> 
========================================================================
Received Import Request.
  path: Assets/Samples/XR Interaction Toolkit/2.0.1/XR Device Simulator/UniversalRenderPipelineAsset.asset
  artifactKey: Guid(238856b8cd0b743dea0d2e56ee71da9b) Importer(815301076,1909f56bfc062723c751e8b465ee728b)
Start importing Assets/Samples/XR Interaction Toolkit/2.0.1/XR Device Simulator/UniversalRenderPipelineAsset.asset using Guid(238856b8cd0b743dea0d2e56ee71da9b) Importer(815301076,1909f56bfc062723c751e8b465ee728b)  -> (artifact id: '13657115e36eaecc784ff154c7cb3690') in 1.143277 seconds 
  Import took 1.157539 seconds .

========================================================================
Received Import Request.
  Time since last request: 0.000473 seconds.
  path: Assets/Samples/XR Interaction Toolkit/2.0.1/XR Device Simulator/UniversalRenderPipelineAsset_Renderer.asset
  artifactKey: Guid(b00a47783720542f8b1231056ed38fa2) Importer(815301076,1909f56bfc062723c751e8b465ee728b)
Start importing Assets/Samples/XR Interaction Toolkit/2.0.1/XR Device Simulator/UniversalRenderPipelineAsset_Renderer.asset using Guid(b00a47783720542f8b1231056ed38fa2) Importer(815301076,1909f56bfc062723c751e8b465ee728b)  -> (artifact id: 'd067b623748908fe4881c685dd96fd43') in 0.008459 seconds 
  Import took 0.017195 seconds .

========================================================================
Received Import Request.
  Time since last request: 657.796883 seconds.
  path: Assets/New Shader Graph 1.shadergraph
  artifactKey: Guid(0932ba82215034f5f831bcee8794b4a0) Importer(815301076,1909f56bfc062723c751e8b465ee728b)
Start importing Assets/New Shader Graph 1.shadergraph using Guid(0932ba82215034f5f831bcee8794b4a0) Importer(815301076,1909f56bfc062723c751e8b465ee728b)  -> (artifact id: '1e9e9656244ec9b23ad2b8e812a00360') in 0.096611 seconds 
  Import took 0.121494 seconds .

========================================================================
Received Import Request.
  Time since last request: 9.361636 seconds.
  path: Assets/Shader
  artifactKey: Guid(22192c842701a4a1fb6c867ad07a1280) Importer(815301076,1909f56bfc062723c751e8b465ee728b)
Start importing Assets/Shader using Guid(22192c842701a4a1fb6c867ad07a1280) Importer(815301076,1909f56bfc062723c751e8b465ee728b)  -> (artifact id: '182fc0a3f479babc33655bdde4c7bc00') in 0.003021 seconds 
  Import took 0.010628 seconds .

========================================================================
Received Import Request.
  Time since last request: 40.106237 seconds.
  path: Assets/Shader/Cartoon Water.shadergraph
  artifactKey: Guid(0932ba82215034f5f831bcee8794b4a0) Importer(815301076,1909f56bfc062723c751e8b465ee728b)
Start importing Assets/Shader/Cartoon Water.shadergraph using Guid(0932ba82215034f5f831bcee8794b4a0) Importer(815301076,1909f56bfc062723c751e8b465ee728b)  -> (artifact id: '8fd807e9176d740097147bbd65ca705b') in 0.008709 seconds 
  Import took 0.017307 seconds .

========================================================================
Received Import Request.
  Time since last request: 14.886221 seconds.
  path: Assets/materials
  artifactKey: Guid(771e406404a28482cae0dfc6881e922d) Importer(815301076,1909f56bfc062723c751e8b465ee728b)
Start importing Assets/materials using Guid(771e406404a28482cae0dfc6881e922d) Importer(815301076,1909f56bfc062723c751e8b465ee728b)  -> (artifact id: 'f82617b8f5bc413833966e2ae18b7528') in 0.002321 seconds 
  Import took 0.010693 seconds .

========================================================================
Received Import Request.
  Time since last request: 9.845915 seconds.
  path: Assets/materials/Water.mat
  artifactKey: Guid(9af9e75689029402cb12f8f0ee74c3c7) Importer(815301076,1909f56bfc062723c751e8b465ee728b)
Start importing Assets/materials/Water.mat using Guid(9af9e75689029402cb12f8f0ee74c3c7) Importer(815301076,1909f56bfc062723c751e8b465ee728b)  -> (artifact id: 'c08c88fbafb87854c3dd83ab11859649') in 0.985448 seconds 
  Import took 0.999688 seconds .

AssetImportWorkerClient::OnTransportError - code=2 error=End of file
